c:\users\roper\source\repos\bigonotation\bigonotation\debug\vc142.pdb
c:\users\roper\source\repos\bigonotation\bigonotation\debug\vc142.idb
c:\users\roper\source\repos\bigonotation\bigonotation\debug\o_n_squared.obj
c:\users\roper\source\repos\bigonotation\bigonotation\debug\o_n_log_n.obj
c:\users\roper\source\repos\bigonotation\bigonotation\debug\o_n_factorial.obj
c:\users\roper\source\repos\bigonotation\bigonotation\debug\o_n.obj
c:\users\roper\source\repos\bigonotation\bigonotation\debug\o_log_n.obj
c:\users\roper\source\repos\bigonotation\bigonotation\debug\o_2_power_n.obj
c:\users\roper\source\repos\bigonotation\bigonotation\debug\bigonotation.obj
c:\users\roper\source\repos\bigonotation\bigonotation\debug\o_1.obj
c:\users\roper\source\repos\bigonotation\debug\bigonotation.pdb
c:\users\roper\source\repos\bigonotation\bigonotation\debug\bigonotation.tlog\cl.command.1.tlog
c:\users\roper\source\repos\bigonotation\bigonotation\debug\bigonotation.tlog\cl.read.1.tlog
c:\users\roper\source\repos\bigonotation\bigonotation\debug\bigonotation.tlog\cl.write.1.tlog
c:\users\roper\source\repos\bigonotation\bigonotation\debug\bigonotation.tlog\link-cvtres.read.1.tlog
c:\users\roper\source\repos\bigonotation\bigonotation\debug\bigonotation.tlog\link-cvtres.write.1.tlog
c:\users\roper\source\repos\bigonotation\bigonotation\debug\bigonotation.tlog\link-rc.read.1.tlog
c:\users\roper\source\repos\bigonotation\bigonotation\debug\bigonotation.tlog\link-rc.write.1.tlog
c:\users\roper\source\repos\bigonotation\bigonotation\debug\bigonotation.tlog\link.command.1.tlog
c:\users\roper\source\repos\bigonotation\bigonotation\debug\bigonotation.tlog\link.read.1.tlog
c:\users\roper\source\repos\bigonotation\bigonotation\debug\bigonotation.tlog\link.write.1.tlog
